SF:lib/providers/agent_server.dart
DA:23,4
DA:30,8
DA:31,4
DA:32,8
DA:33,8
DA:34,8
DA:35,8
DA:36,8
DA:37,8
DA:38,12
DA:39,0
DA:40,0
DA:41,0
DA:42,0
DA:43,0
DA:44,0
DA:45,0
DA:46,0
DA:47,0
DA:48,4
DA:49,12
DA:50,0
DA:51,0
DA:52,0
DA:53,0
DA:54,0
DA:55,0
DA:56,0
DA:57,0
DA:58,0
DA:59,0
DA:60,0
DA:61,4
DA:63,4
DA:64,4
DA:66,4
DA:67,4
DA:68,4
DA:78,4
DA:80,4
DA:81,2
DA:82,2
DA:97,2
DA:98,2
DA:115,4
DA:118,2
DA:119,2
DA:120,0
DA:122,2
DA:123,4
DA:124,6
DA:126,2
DA:129,1
DA:130,1
DA:131,1
DA:132,1
DA:133,1
DA:134,1
DA:136,4
DA:137,5
DA:138,5
DA:139,4
DA:140,1
DA:141,1
DA:143,1
DA:145,4
DA:150,0
DA:151,0
DA:152,0
DA:153,0
DA:157,2
DA:158,2
DA:159,2
DA:160,4
DA:163,0
DA:164,0
DA:165,0
DA:166,0
DA:167,0
DA:168,0
DA:169,0
DA:170,0
DA:171,0
DA:172,0
DA:176,1
DA:177,1
DA:178,2
DA:179,1
DA:180,1
DA:181,1
DA:182,1
DA:183,1
DA:187,0
DA:188,0
DA:191,2
DA:192,8
DA:193,0
DA:194,0
DA:195,0
DA:198,0
DA:199,0
DA:203,0
DA:204,0
DA:205,0
DA:208,0
DA:212,4
DA:213,4
DA:214,6
DA:215,5
DA:216,8
DA:217,4
DA:218,4
DA:219,4
DA:220,4
DA:221,4
DA:222,4
DA:227,3
DA:230,3
DA:231,2
DA:233,2
DA:234,0
DA:235,0
DA:237,3
DA:238,1
DA:240,1
DA:241,0
DA:242,0
DA:244,3
DA:245,1
DA:246,1
DA:250,0
DA:251,0
DA:252,0
DA:254,0
DA:256,3
DA:257,1
DA:258,0
DA:259,0
DA:261,3
DA:262,1
DA:263,0
DA:264,0
DA:267,3
DA:268,1
DA:270,1
DA:271,0
DA:272,0
DA:274,3
DA:275,1
DA:276,1
DA:280,0
DA:281,0
DA:282,0
DA:284,3
DA:285,0
DA:287,0
DA:288,0
DA:289,0
DA:291,3
DA:292,1
DA:293,1
DA:297,0
DA:298,0
DA:299,0
DA:301,3
DA:302,1
DA:304,0
DA:305,0
DA:306,0
DA:308,3
DA:309,0
DA:311,0
DA:312,0
DA:313,0
DA:315,3
DA:316,1
DA:317,1
DA:321,0
DA:322,0
DA:323,0
DA:325,3
DA:326,0
DA:328,0
DA:329,0
DA:330,0
DA:332,3
DA:333,1
DA:334,1
DA:338,0
DA:339,0
DA:340,0
DA:342,3
DA:343,0
DA:345,0
DA:346,0
DA:347,0
DA:349,3
DA:350,1
DA:351,1
DA:355,0
DA:356,0
DA:357,0
DA:360,3
DA:361,1
DA:363,0
DA:364,0
DA:365,0
DA:366,0
DA:368,3
DA:369,1
DA:370,1
DA:374,0
DA:375,0
DA:376,0
DA:377,0
DA:379,2
DA:380,0
DA:382,0
DA:383,0
DA:384,0
DA:385,0
DA:387,2
DA:388,0
DA:389,0
DA:393,0
DA:394,0
DA:395,0
DA:396,0
DA:398,2
DA:399,0
DA:401,0
DA:402,0
DA:403,0
DA:404,0
DA:406,2
DA:407,0
DA:409,0
DA:410,0
DA:411,0
DA:412,0
DA:414,2
DA:415,0
DA:416,0
DA:420,0
DA:421,0
DA:422,0
DA:423,0
DA:425,2
DA:426,0
DA:427,0
DA:431,0
DA:432,0
DA:433,0
DA:434,0
DA:436,2
DA:437,0
DA:439,0
DA:440,0
DA:441,0
DA:442,0
DA:445,2
DA:446,1
DA:447,1
DA:450,1
DA:451,1
DA:453,2
DA:454,1
DA:456,0
DA:457,0
DA:459,2
DA:460,1
DA:462,0
DA:463,0
DA:466,4
DA:472,2
DA:473,2
DA:475,2
DA:478,3
DA:479,1
DA:480,1
DA:481,2
DA:482,1
DA:487,3
DA:488,2
DA:489,1
DA:490,2
DA:492,1
DA:493,2
DA:496,1
DA:497,1
DA:498,2
DA:499,1
DA:504,4
DA:505,2
DA:506,10
DA:507,2
DA:512,2
DA:513,0
DA:514,0
DA:515,0
DA:516,0
DA:517,0
DA:518,0
DA:519,0
DA:521,0
DA:526,2
DA:527,0
DA:528,0
DA:529,0
DA:530,0
DA:531,0
DA:532,0
DA:534,0
DA:539,2
DA:540,0
DA:541,0
DA:542,0
DA:543,0
DA:544,0
DA:547,0
DA:548,0
DA:549,0
DA:550,0
DA:555,2
DA:556,0
DA:557,0
DA:558,0
DA:559,0
DA:560,0
DA:561,0
DA:562,0
DA:564,0
DA:568,2
DA:569,0
DA:570,0
DA:571,0
DA:572,0
DA:573,0
DA:574,0
DA:577,0
DA:578,0
DA:581,0
DA:583,0
DA:584,0
DA:585,0
DA:589,2
DA:590,0
DA:591,0
DA:593,0
DA:595,0
DA:596,0
DA:597,0
DA:598,0
DA:602,2
DA:603,0
DA:604,0
DA:606,0
DA:608,0
DA:609,0
DA:610,0
DA:612,0
DA:613,0
DA:615,0
DA:616,0
DA:617,0
DA:622,2
DA:624,2
DA:625,0
DA:626,0
DA:629,0
DA:630,0
DA:633,0
DA:634,0
DA:636,0
DA:638,0
DA:639,0
DA:640,0
DA:642,0
DA:643,0
DA:644,0
DA:652,2
DA:653,0
DA:655,0
DA:660,8
DA:661,6
DA:664,3
DA:665,1
DA:667,1
DA:672,3
DA:673,3
DA:675,1
DA:677,1
DA:680,0
DA:682,0
DA:684,0
DA:687,0
DA:690,0
DA:691,0
DA:693,0
DA:696,0
DA:698,0
DA:702,8
DA:703,2
DA:704,2
DA:705,6
DA:708,0
DA:709,0
DA:710,0
DA:715,1
DA:716,3
DA:717,2
DA:718,1
DA:719,1
DA:720,1
DA:721,1
DA:722,1
DA:725,3
DA:726,2
DA:728,1
DA:729,3
DA:730,0
DA:731,0
DA:733,1
DA:734,1
DA:737,4
DA:738,1
DA:739,1
DA:742,2
DA:743,2
DA:744,2
DA:745,2
DA:748,4
DA:749,1
DA:752,0
DA:753,0
DA:757,4
DA:758,6
DA:759,4
DA:760,6
DA:761,4
DA:763,4
DA:764,0
DA:766,8
DA:767,4
DA:768,4
DA:771,4
DA:773,6
DA:774,6
DA:776,5
DA:777,5
DA:778,8
DA:779,4
DA:780,4
LF:453
LH:215
end_of_record
SF:lib/providers/obs_controller.dart
DA:21,4
DA:45,1
DA:46,1
DA:47,0
DA:49,1
DA:50,1
DA:51,1
DA:52,1
DA:72,1
DA:87,1
DA:88,1
DA:89,1
DA:90,1
DA:109,0
DA:134,6
DA:148,6
DA:149,6
DA:154,10
DA:166,2
DA:167,2
DA:168,2
DA:169,2
DA:177,2
DA:178,2
DA:180,1
DA:181,1
DA:182,1
DA:183,1
DA:186,1
DA:187,1
DA:188,1
DA:189,1
DA:192,1
DA:194,1
DA:195,3
DA:196,2
DA:197,2
DA:200,0
DA:204,6
DA:206,6
DA:207,3
DA:208,3
DA:209,3
DA:210,0
DA:211,0
DA:212,0
DA:213,3
DA:215,0
DA:216,0
DA:217,0
DA:219,0
DA:222,0
DA:225,3
DA:231,2
DA:232,2
DA:234,2
DA:235,6
DA:236,4
DA:237,2
DA:239,0
DA:240,0
DA:241,0
DA:244,6
DA:245,4
DA:246,2
DA:247,2
DA:252,1
DA:253,1
DA:254,1
DA:255,1
DA:256,1
DA:257,1
DA:258,1
DA:261,2
DA:262,2
DA:263,2
DA:264,4
DA:267,0
DA:268,0
DA:269,0
DA:270,0
DA:273,1
DA:274,1
DA:276,0
DA:277,0
DA:278,0
DA:279,0
DA:282,0
DA:284,0
DA:285,0
DA:295,0
DA:296,0
DA:297,0
DA:298,0
DA:300,0
DA:301,0
DA:302,0
DA:303,0
DA:304,0
DA:305,0
DA:306,0
DA:307,0
DA:312,0
DA:313,0
DA:314,0
DA:315,0
DA:330,0
DA:332,0
DA:335,0
DA:337,0
DA:338,0
DA:339,0
DA:342,0
DA:344,0
DA:345,0
DA:346,0
DA:347,0
DA:351,0
DA:352,0
DA:355,0
DA:358,0
DA:359,0
DA:360,0
DA:361,0
DA:370,0
DA:373,0
DA:374,0
DA:375,0
DA:376,0
DA:386,0
DA:389,0
DA:391,0
DA:392,0
DA:394,0
DA:395,0
DA:396,0
DA:397,0
DA:398,0
DA:399,0
DA:400,0
DA:403,0
DA:408,0
DA:411,0
DA:413,0
DA:414,0
DA:416,0
DA:417,0
DA:418,0
DA:419,0
DA:420,0
DA:421,0
DA:422,0
DA:425,0
DA:432,1
DA:434,3
DA:441,1
DA:442,1
DA:443,3
DA:444,1
DA:446,3
DA:447,1
DA:449,1
DA:454,1
DA:455,1
DA:456,3
DA:457,1
DA:459,3
DA:460,1
DA:462,1
DA:469,1
DA:470,1
DA:471,0
DA:472,0
DA:476,1
DA:477,1
DA:478,0
DA:480,0
DA:481,0
DA:489,1
DA:490,1
DA:491,0
DA:492,0
DA:496,1
DA:497,1
DA:498,0
DA:500,0
DA:501,0
DA:509,1
DA:510,1
DA:511,0
DA:513,0
DA:514,0
DA:522,1
DA:523,1
DA:524,0
DA:525,0
DA:529,1
DA:530,1
DA:531,0
DA:533,0
DA:534,0
DA:535,0
DA:545,1
DA:547,1
DA:548,0
DA:555,1
DA:557,1
DA:558,0
DA:566,1
DA:568,1
DA:575,1
DA:577,1
DA:578,0
DA:586,1
DA:588,1
DA:589,0
DA:597,1
DA:599,1
DA:600,0
DA:607,1
DA:609,1
DA:610,0
DA:618,1
DA:620,1
DA:621,0
DA:628,1
DA:630,1
DA:631,0
DA:639,1
DA:641,1
DA:642,0
DA:649,1
DA:651,4
DA:652,1
DA:653,0
DA:662,1
DA:663,1
DA:665,0
DA:666,0
DA:673,1
DA:674,1
DA:676,0
DA:678,0
DA:679,0
DA:680,0
DA:681,0
DA:682,0
DA:684,0
DA:685,0
DA:688,0
DA:698,1
DA:699,1
DA:701,0
DA:703,0
DA:704,0
DA:705,0
DA:706,0
DA:707,0
DA:709,0
DA:713,0
DA:723,1
DA:724,1
DA:726,0
DA:727,0
DA:729,0
DA:731,0
DA:738,1
DA:739,1
DA:741,0
DA:742,0
DA:744,0
DA:746,0
DA:753,5
DA:755,7
DA:756,5
DA:757,5
DA:758,5
LF:277
LH:133
end_of_record
SF:lib/models/chat_message.dart
DA:12,5
DA:23,2
DA:24,2
DA:25,2
DA:26,2
DA:27,2
DA:28,4
DA:29,4
DA:30,4
DA:31,4
DA:32,2
DA:36,2
DA:37,1
DA:38,1
DA:39,1
DA:40,1
DA:41,1
DA:42,1
DA:43,1
DA:44,1
LF:20
LH:20
end_of_record
SF:lib/providers/streamer_bot_provider.dart
DA:12,2
DA:17,8
DA:18,8
DA:19,8
DA:20,1
DA:21,1
DA:26,8
DA:27,11
DA:28,3
DA:29,6
DA:30,0
DA:31,0
DA:32,0
DA:34,3
DA:35,0
DA:36,0
DA:40,0
DA:41,0
DA:42,0
DA:43,0
DA:45,0
DA:47,0
DA:53,4
DA:55,4
DA:57,4
DA:59,4
DA:64,0
DA:66,8
DA:67,16
DA:68,8
DA:69,8
DA:70,8
DA:71,8
DA:72,8
DA:77,1
DA:79,1
DA:80,4
DA:81,1
DA:82,2
DA:83,2
DA:84,1
DA:85,1
DA:86,0
DA:89,6
DA:90,3
DA:91,1
DA:96,0
DA:98,0
DA:99,0
DA:100,0
DA:101,0
DA:107,0
DA:108,0
DA:109,0
DA:118,0
DA:120,0
DA:121,0
DA:122,0
DA:123,0
DA:124,0
DA:125,0
DA:126,0
DA:135,0
DA:137,0
DA:138,0
DA:139,0
DA:140,0
DA:141,0
DA:142,0
DA:150,0
DA:151,0
DA:152,0
DA:158,0
DA:161,2
DA:164,1
DA:165,1
DA:166,1
DA:167,1
DA:168,2
DA:169,0
DA:170,0
DA:174,0
DA:175,0
DA:176,0
DA:177,0
DA:183,2
DA:186,1
DA:187,1
DA:188,3
DA:189,1
DA:190,1
DA:193,0
DA:194,0
DA:195,0
DA:198,1
DA:200,1
DA:201,4
DA:202,1
DA:203,2
DA:204,2
DA:205,1
DA:206,1
DA:207,0
DA:208,0
DA:209,0
DA:217,1
DA:218,1
DA:219,2
DA:220,0
DA:222,1
DA:228,4
DA:230,4
DA:243,3
DA:245,3
DA:246,12
DA:247,3
DA:248,9
DA:249,3
DA:250,3
DA:252,1
DA:253,1
DA:254,1
DA:259,3
DA:260,3
DA:261,3
DA:264,2
DA:265,1
DA:267,1
DA:269,5
DA:270,1
DA:271,1
DA:272,1
DA:274,2
DA:276,0
DA:277,0
DA:281,1
DA:282,1
DA:283,1
DA:284,1
DA:285,1
DA:286,1
DA:290,1
DA:291,1
DA:292,2
DA:293,1
DA:295,2
DA:297,1
DA:298,3
DA:299,2
DA:300,2
DA:301,2
DA:302,1
DA:304,1
DA:305,3
DA:306,3
DA:307,1
DA:309,1
DA:310,4
DA:311,3
DA:312,1
DA:316,0
DA:321,0
DA:322,0
DA:323,0
DA:324,0
DA:326,0
DA:331,1
DA:332,1
DA:333,1
DA:334,2
DA:335,2
DA:336,1
DA:337,2
DA:338,0
DA:339,4
DA:341,5
DA:342,2
DA:343,0
DA:347,4
DA:348,5
DA:349,4
DA:350,5
DA:351,4
DA:352,4
DA:353,5
DA:354,4
DA:355,5
DA:356,4
DA:357,4
DA:358,4
DA:361,1
DA:363,1
DA:364,4
DA:365,1
DA:366,2
DA:367,2
DA:368,2
DA:369,2
DA:370,2
DA:371,2
DA:372,1
DA:375,0
DA:379,1
DA:381,1
DA:382,4
DA:383,1
DA:384,2
DA:385,2
DA:386,1
DA:387,1
DA:388,1
DA:389,1
DA:390,1
DA:393,0
DA:397,0
DA:399,0
DA:400,0
DA:401,0
DA:402,0
DA:403,0
DA:404,0
DA:406,0
DA:413,0
DA:415,0
DA:416,0
DA:417,0
DA:418,0
DA:419,0
DA:420,0
DA:426,0
DA:428,0
DA:429,0
DA:430,0
DA:431,0
DA:432,0
DA:433,0
DA:439,0
DA:441,0
DA:442,0
DA:443,0
DA:444,0
DA:445,0
DA:446,0
DA:452,0
DA:454,0
DA:455,0
DA:456,0
DA:457,0
DA:463,0
DA:465,0
DA:466,0
DA:467,0
DA:468,0
DA:469,0
DA:470,0
DA:476,4
DA:478,5
DA:479,4
DA:480,4
LF:259
LH:153
end_of_record
SF:lib/services/sse_client.dart
DA:16,1
DA:23,1
DA:24,2
DA:25,4
DA:27,1
DA:28,1
DA:29,1
DA:30,0
DA:31,0
DA:32,0
DA:35,1
DA:36,2
DA:37,1
DA:40,2
DA:41,2
DA:42,2
DA:43,0
DA:44,0
DA:48,1
DA:50,1
DA:51,2
DA:52,1
DA:53,1
DA:54,1
DA:55,2
DA:61,1
DA:62,2
DA:63,1
DA:64,1
DA:65,1
DA:66,2
DA:67,1
LF:32
LH:27
end_of_record
SF:lib/models/channel_event.dart
DA:20,2
DA:28,1
DA:29,1
DA:30,1
DA:31,1
DA:32,1
DA:33,1
DA:34,1
DA:38,2
DA:39,2
DA:40,2
DA:41,3
DA:42,3
DA:43,2
LF:14
LH:14
end_of_record
SF:lib/platforms/stream_platform.dart
DA:12,3
DA:29,2
LF:2
LH:2
end_of_record
SF:lib/platforms/twitch_auth.dart
DA:26,6
DA:27,6
DA:28,0
DA:41,1
DA:46,1
DA:47,1
DA:48,1
DA:52,1
DA:53,1
DA:54,1
DA:55,1
DA:57,1
DA:60,9
DA:61,1
DA:65,0
DA:67,0
DA:68,0
DA:69,0
DA:70,0
DA:71,0
DA:72,0
DA:75,0
DA:79,0
DA:80,0
DA:84,0
DA:85,0
DA:86,0
DA:87,0
DA:90,0
DA:91,0
DA:92,0
DA:95,0
DA:101,0
DA:102,0
DA:105,0
DA:106,0
DA:107,0
DA:108,0
DA:109,0
DA:110,0
DA:111,0
DA:116,0
DA:117,0
DA:118,0
DA:119,0
DA:120,0
DA:124,0
DA:125,0
DA:126,0
DA:127,0
DA:128,0
DA:129,0
DA:132,0
DA:138,3
DA:139,3
DA:140,6
DA:141,0
DA:147,0
DA:148,0
DA:150,0
DA:151,0
DA:152,0
DA:153,0
DA:154,0
DA:157,0
DA:158,0
DA:159,0
DA:160,0
DA:161,0
DA:162,0
DA:166,0
DA:171,1
DA:172,1
DA:175,4
DA:176,2
DA:180,0
DA:181,0
DA:182,0
DA:183,0
DA:184,0
DA:185,0
DA:186,0
DA:187,0
DA:188,0
DA:191,4
DA:192,4
DA:193,8
DA:194,8
DA:195,8
DA:196,8
DA:197,4
DA:199,2
DA:203,4
DA:204,4
DA:206,3
DA:207,3
DA:210,4
DA:211,3
DA:218,0
DA:219,0
DA:220,0
DA:221,0
DA:225,2
DA:226,2
DA:227,2
DA:228,2
DA:230,1
DA:231,1
DA:238,2
DA:239,2
DA:240,2
DA:244,1
DA:245,1
DA:246,1
DA:249,1
DA:250,1
DA:251,1
DA:252,1
DA:253,1
DA:254,1
DA:255,1
DA:256,1
DA:257,1
DA:258,1
DA:259,1
DA:260,1
DA:261,1
DA:262,1
DA:263,1
DA:264,1
LF:130
LH:62
end_of_record
SF:lib/platforms/twitch_helix_client.dart
DA:15,4
DA:31,5
DA:32,4
DA:35,1
DA:36,2
DA:37,1
DA:38,3
DA:39,2
DA:44,1
DA:46,2
DA:47,2
DA:48,1
DA:50,2
DA:51,2
DA:52,1
DA:53,1
DA:54,2
DA:58,3
DA:64,1
DA:66,2
DA:67,2
DA:68,1
DA:70,2
DA:71,2
DA:72,1
DA:73,1
DA:74,1
DA:75,2
DA:76,1
DA:78,1
DA:79,1
DA:80,1
DA:81,3
DA:87,3
DA:93,1
DA:95,2
DA:96,2
DA:97,1
DA:98,1
DA:99,1
DA:101,2
DA:102,1
DA:109,2
DA:111,3
DA:117,1
DA:119,2
DA:120,2
DA:121,1
DA:122,1
DA:123,1
DA:125,2
DA:126,1
DA:132,2
DA:134,3
DA:140,1
DA:142,2
DA:143,2
DA:144,1
DA:146,2
DA:148,3
DA:154,1
DA:156,2
DA:157,2
DA:158,1
DA:159,1
DA:160,1
DA:162,2
DA:164,2
DA:166,3
DA:172,1
DA:174,2
DA:175,2
DA:176,1
DA:178,2
DA:180,3
DA:185,3
DA:186,6
LF:77
LH:77
end_of_record
SF:lib/platforms/twitch_irc_client.dart
DA:23,2
DA:31,3
DA:36,6
DA:37,6
DA:40,3
DA:41,6
DA:42,6
DA:45,3
DA:46,6
DA:47,6
DA:51,1
DA:53,2
DA:57,3
DA:58,1
DA:59,0
DA:60,0
DA:61,0
DA:63,0
DA:64,0
DA:65,0
DA:71,3
DA:72,3
DA:73,1
DA:74,3
DA:77,2
DA:78,0
DA:81,1
DA:84,0
DA:85,0
DA:91,2
DA:92,3
DA:93,3
DA:94,3
DA:95,2
DA:96,2
DA:100,1
DA:101,2
DA:102,0
DA:107,1
DA:108,1
DA:110,0
DA:113,0
DA:119,0
DA:121,0
DA:122,0
DA:125,0
DA:126,0
DA:132,0
DA:133,0
DA:134,0
DA:135,0
DA:141,0
DA:142,0
DA:143,0
DA:144,0
DA:151,1
DA:152,1
DA:154,1
DA:159,1
DA:160,1
DA:161,1
DA:162,2
DA:167,2
DA:169,1
DA:172,2
DA:174,1
DA:184,2
DA:185,1
DA:186,2
DA:187,1
DA:188,1
DA:190,1
DA:191,1
DA:193,1
DA:194,1
DA:196,1
DA:197,1
DA:199,1
DA:200,1
DA:202,1
DA:203,1
DA:204,1
DA:206,1
DA:207,7
DA:215,1
DA:225,0
DA:231,1
DA:232,1
DA:233,2
DA:234,2
DA:238,2
DA:239,2
DA:241,2
DA:245,2
DA:246,2
DA:247,2
DA:248,4
DA:251,4
DA:253,2
DA:259,4
DA:260,2
DA:261,4
DA:262,2
DA:263,2
DA:264,2
DA:266,2
DA:267,2
DA:268,2
DA:270,2
DA:277,4
DA:278,3
DA:279,1
DA:283,2
DA:284,2
DA:285,2
DA:286,2
DA:287,2
DA:291,6
DA:293,2
DA:294,1
DA:298,3
LF:121
LH:95
end_of_record
SF:lib/platforms/twitch_platform.dart
DA:14,0
DA:17,12
DA:28,4
DA:29,4
DA:35,6
DA:36,14
DA:37,6
DA:38,12
DA:39,12
DA:40,12
DA:43,2
DA:44,4
DA:46,2
DA:47,4
DA:50,3
DA:53,0
DA:57,0
DA:60,3
DA:62,6
DA:65,3
DA:71,6
DA:73,6
DA:78,6
DA:79,0
DA:83,4
DA:85,0
DA:90,6
DA:91,3
DA:93,2
DA:94,1
DA:95,3
DA:100,2
DA:101,4
DA:103,3
DA:106,1
DA:109,4
DA:111,0
DA:116,7
DA:117,2
DA:121,6
DA:122,0
DA:126,2
DA:128,2
DA:129,2
DA:133,5
DA:135,7
DA:136,7
DA:137,5
DA:138,5
DA:141,2
DA:142,2
DA:143,4
DA:144,0
DA:145,0
DA:146,0
DA:147,0
DA:148,0
DA:149,0
DA:150,0
DA:151,0
DA:155,2
DA:156,5
DA:157,3
DA:158,1
DA:159,1
DA:160,1
DA:161,1
DA:162,1
DA:168,2
DA:170,3
DA:173,0
DA:177,0
DA:180,1
DA:182,1
DA:185,0
DA:186,0
DA:187,0
DA:188,0
DA:189,0
DA:190,0
DA:191,0
DA:197,0
DA:199,0
DA:200,0
DA:202,0
DA:205,0
DA:207,0
DA:208,0
DA:210,0
DA:213,0
DA:215,0
DA:216,0
DA:218,0
DA:221,0
DA:223,0
DA:224,0
DA:227,0
DA:229,0
DA:230,0
DA:234,0
DA:237,0
DA:238,0
DA:240,0
DA:241,0
DA:246,4
DA:248,4
DA:249,8
DA:250,8
DA:251,8
DA:252,8
DA:253,4
LF:111
LH:64
end_of_record
SF:lib/agent/agent_client.dart
DA:24,1
DA:38,1
DA:39,2
DA:40,2
DA:41,2
DA:43,1
DA:44,1
DA:45,1
DA:46,3
DA:47,1
DA:48,1
DA:49,1
DA:50,1
DA:51,3
DA:52,1
DA:53,1
DA:54,1
DA:55,3
DA:56,1
DA:57,1
DA:58,1
DA:59,1
DA:60,3
DA:77,1
DA:89,2
DA:90,1
DA:91,1
DA:92,2
DA:93,2
DA:94,1
DA:95,2
DA:96,1
DA:97,1
DA:98,2
DA:116,1
DA:130,2
DA:131,1
DA:132,1
DA:133,1
DA:134,1
DA:135,2
DA:136,2
DA:137,1
DA:138,2
DA:139,1
DA:140,1
DA:141,2
DA:150,1
DA:152,2
DA:153,1
DA:154,1
DA:163,1
DA:165,1
DA:169,2
DA:170,1
DA:171,1
DA:172,1
DA:174,2
DA:176,2
DA:181,1
DA:183,0
DA:197,1
DA:201,0
DA:204,0
DA:207,1
DA:209,1
DA:210,4
DA:211,1
DA:212,2
DA:213,2
DA:214,2
DA:223,1
DA:224,1
DA:225,4
DA:226,1
DA:227,2
DA:228,3
DA:230,3
DA:234,1
DA:235,1
DA:236,1
DA:237,3
DA:238,1
DA:239,2
DA:241,1
DA:242,2
DA:243,4
DA:245,3
DA:249,0
DA:250,0
DA:251,0
DA:252,0
DA:254,0
DA:255,0
DA:258,0
DA:259,0
DA:260,0
DA:261,0
DA:262,0
DA:263,0
DA:265,0
DA:266,0
DA:267,0
DA:274,1
DA:275,1
DA:276,1
DA:277,2
DA:278,2
LF:108
LH:90
end_of_record
SF:lib/agent/decision_loop.dart
DA:14,1
DA:28,1
DA:43,1
DA:50,4
DA:61,1
DA:63,2
DA:64,2
DA:67,0
DA:68,0
DA:71,0
DA:73,0
DA:75,0
DA:77,0
DA:78,0
DA:79,0
DA:83,1
DA:84,1
DA:85,1
DA:86,1
DA:87,3
DA:91,1
DA:92,1
DA:95,1
DA:96,2
DA:97,3
DA:99,2
DA:100,4
DA:101,2
DA:104,5
DA:105,1
DA:106,1
DA:107,1
DA:110,1
DA:112,3
DA:113,2
DA:116,3
DA:118,3
DA:119,2
DA:120,1
DA:124,4
DA:126,2
DA:127,1
DA:129,1
DA:131,2
DA:135,1
DA:136,1
DA:142,1
DA:143,4
DA:148,2
DA:150,1
DA:151,1
DA:152,1
DA:153,1
DA:154,2
DA:155,1
DA:156,2
DA:160,2
DA:162,1
DA:163,1
DA:164,1
DA:165,1
DA:166,2
DA:167,2
DA:168,0
DA:169,0
DA:173,2
DA:175,3
DA:176,3
DA:178,0
DA:179,0
DA:183,2
DA:185,3
DA:186,3
DA:188,0
DA:189,0
DA:196,0
DA:198,0
DA:199,0
DA:200,0
DA:204,2
DA:205,1
DA:206,1
LF:82
LH:64
end_of_record
SF:lib/tabs/dashboard_tab.dart
DA:8,4
DA:10,2
DA:12,2
DA:14,2
DA:16,2
DA:18,2
DA:19,2
DA:20,2
DA:21,2
DA:23,2
DA:24,2
DA:25,2
DA:27,2
DA:28,2
DA:29,4
DA:32,4
DA:38,2
DA:39,4
DA:41,4
DA:52,5
DA:53,1
DA:54,1
DA:62,2
DA:64,2
DA:65,5
DA:68,2
DA:71,2
DA:72,2
DA:73,6
DA:85,2
DA:86,2
DA:87,2
DA:88,2
DA:90,2
DA:92,2
DA:93,2
DA:94,2
DA:95,2
DA:96,4
DA:97,4
DA:101,2
DA:109,5
DA:110,5
DA:112,5
DA:116,5
DA:118,1
DA:119,1
DA:122,1
DA:123,3
DA:127,1
DA:128,4
DA:133,4
DA:137,1
DA:140,4
DA:141,3
DA:142,1
DA:155,2
DA:156,2
DA:157,2
DA:158,2
DA:160,2
DA:161,2
DA:162,2
DA:163,2
DA:164,2
DA:168,2
DA:176,2
DA:177,2
DA:178,2
DA:179,2
DA:192,2
DA:193,2
DA:194,2
DA:195,2
DA:196,0
DA:199,2
DA:205,2
DA:206,2
DA:207,0
DA:210,2
DA:220,2
DA:221,2
DA:222,2
DA:224,2
DA:226,2
DA:232,2
DA:233,2
DA:234,2
DA:235,4
DA:243,0
DA:244,0
DA:245,0
DA:246,0
DA:247,0
DA:249,0
DA:250,0
DA:252,0
DA:253,0
DA:254,0
DA:257,0
DA:258,0
DA:261,0
DA:262,0
DA:263,0
DA:265,0
DA:268,0
DA:269,0
DA:291,1
DA:292,1
DA:294,1
DA:295,1
DA:296,1
DA:297,2
DA:299,2
DA:303,1
DA:304,1
DA:306,1
DA:307,2
DA:308,1
DA:309,1
DA:310,2
DA:313,1
DA:315,1
DA:316,1
DA:322,1
DA:324,1
DA:326,1
LF:127
LH:107
end_of_record
SF:lib/main.dart
DA:18,0
DA:19,0
DA:20,0
DA:22,0
DA:23,0
DA:24,0
DA:27,0
DA:37,0
DA:39,0
DA:40,0
DA:42,0
DA:43,0
DA:44,0
DA:45,0
DA:46,0
DA:48,0
DA:50,0
DA:57,0
DA:64,0
DA:67,0
DA:68,0
DA:69,0
DA:70,0
DA:71,0
DA:72,0
DA:73,0
DA:74,0
DA:86,3
DA:88,0
DA:89,0
DA:93,0
DA:95,0
DA:96,0
DA:97,0
DA:101,0
DA:103,0
DA:104,0
DA:105,0
DA:107,0
DA:108,0
DA:111,0
DA:114,0
DA:117,0
DA:120,0
DA:121,0
DA:126,0
DA:128,0
DA:130,0
DA:138,3
DA:140,1
DA:141,1
DA:148,1
DA:150,1
DA:151,2
DA:152,3
DA:153,3
DA:157,1
DA:159,2
DA:160,1
DA:163,1
DA:165,1
DA:166,1
DA:176,1
DA:177,1
DA:180,1
DA:183,1
DA:184,1
DA:192,1
DA:193,2
DA:194,1
DA:196,1
DA:197,1
DA:198,1
DA:212,0
DA:213,0
DA:215,0
DA:216,0
DA:217,0
DA:218,0
DA:221,0
DA:222,0
DA:223,0
DA:225,0
LF:83
LH:26
end_of_record
SF:lib/tabs/settings_tab.dart
DA:10,3
DA:12,1
DA:13,1
DA:26,1
DA:28,1
DA:29,3
DA:30,4
DA:31,3
DA:32,1
DA:35,1
DA:36,2
DA:37,2
DA:38,2
DA:40,4
DA:42,2
DA:44,0
DA:47,1
DA:48,1
DA:49,1
DA:50,1
DA:51,1
DA:52,2
DA:53,0
DA:54,0
DA:55,0
DA:57,1
DA:58,2
DA:59,3
DA:60,2
DA:65,1
DA:66,1
DA:67,3
DA:68,4
DA:69,3
DA:72,1
DA:73,1
DA:74,4
DA:75,0
DA:79,1
DA:81,3
DA:82,1
DA:83,2
DA:84,2
DA:85,2
DA:86,2
DA:87,2
DA:88,2
DA:89,2
DA:90,1
DA:93,1
DA:95,1
DA:97,1
DA:99,1
DA:113,1
DA:124,0
DA:129,1
DA:130,1
DA:137,1
DA:138,1
DA:146,1
DA:147,1
DA:157,1
DA:158,1
DA:159,2
DA:160,1
DA:162,1
DA:163,1
DA:164,1
DA:171,1
DA:173,1
DA:174,0
DA:175,0
DA:176,0
DA:177,0
DA:178,0
DA:190,1
DA:192,1
DA:193,1
DA:195,1
DA:196,0
DA:199,1
DA:228,1
DA:229,1
DA:230,1
DA:231,1
DA:232,1
DA:240,1
DA:242,1
DA:243,1
DA:254,1
DA:255,1
DA:264,1
DA:265,1
DA:266,1
DA:267,1
DA:268,1
DA:269,1
DA:270,1
DA:271,2
DA:272,2
DA:276,1
DA:277,2
DA:278,1
DA:279,2
DA:284,3
DA:286,2
DA:287,2
DA:288,2
DA:289,2
DA:293,1
DA:294,1
DA:295,1
DA:296,1
DA:297,1
DA:298,1
DA:299,1
DA:300,2
DA:301,3
DA:302,2
DA:304,1
DA:305,1
DA:312,1
DA:313,1
DA:314,2
DA:321,1
DA:323,1
DA:325,1
DA:327,1
DA:373,1
DA:375,1
DA:377,1
DA:401,1
DA:402,1
DA:408,0
DA:409,0
DA:413,1
DA:414,1
DA:415,1
DA:416,1
DA:417,1
DA:418,1
DA:419,1
DA:420,1
DA:421,2
DA:422,1
DA:423,1
DA:430,1
DA:436,1
DA:437,1
DA:438,0
DA:439,0
DA:440,0
DA:449,1
DA:461,0
DA:462,0
DA:463,0
DA:464,0
DA:465,0
DA:467,0
DA:468,0
DA:474,0
DA:477,0
DA:478,0
DA:479,0
DA:482,0
DA:483,0
DA:484,0
LF:167
LH:136
end_of_record
SF:lib/tabs/chat_tab.dart
DA:7,3
DA:9,1
DA:10,1
DA:23,1
DA:25,2
DA:26,2
DA:27,1
DA:30,1
DA:31,3
DA:32,2
DA:33,3
DA:34,3
DA:36,2
DA:37,2
DA:38,2
DA:39,0
DA:47,3
DA:50,1
DA:51,1
DA:52,1
DA:54,1
DA:56,2
DA:57,1
DA:59,1
DA:60,1
DA:62,2
DA:65,1
DA:68,1
DA:69,1
DA:70,1
DA:71,1
DA:72,2
DA:73,3
DA:78,1
DA:81,1
DA:82,1
DA:83,1
DA:84,1
DA:85,2
DA:86,3
DA:91,1
DA:92,0
DA:95,0
DA:96,0
DA:100,1
DA:103,1
DA:104,1
DA:105,1
DA:106,1
DA:107,2
DA:108,3
DA:113,1
DA:120,1
DA:122,1
DA:124,1
DA:125,1
DA:127,1
DA:128,1
DA:129,1
DA:130,1
DA:132,1
DA:133,1
DA:134,1
DA:137,1
DA:138,1
DA:139,1
DA:140,3
DA:144,1
DA:147,1
DA:148,1
DA:149,1
DA:150,3
DA:154,1
DA:157,1
DA:158,1
DA:159,1
DA:160,3
DA:164,1
DA:167,1
DA:168,1
DA:169,1
DA:170,2
DA:171,2
DA:183,1
DA:184,1
DA:185,1
DA:186,1
DA:187,1
DA:193,1
DA:194,1
DA:196,1
DA:197,1
DA:198,4
DA:199,1
DA:200,1
DA:201,1
DA:202,1
DA:203,1
DA:204,1
DA:205,1
DA:206,1
DA:208,1
DA:210,1
DA:212,1
DA:213,1
DA:214,1
DA:217,1
DA:219,1
DA:221,1
DA:223,1
DA:224,1
DA:226,1
DA:231,1
DA:233,1
DA:234,1
DA:238,1
DA:239,1
DA:246,1
DA:248,1
DA:249,1
DA:251,1
DA:252,2
DA:253,1
DA:255,1
DA:256,1
DA:270,1
DA:271,1
DA:272,1
DA:273,1
DA:274,1
DA:279,0
DA:284,1
DA:285,2
DA:286,1
DA:288,1
DA:289,1
DA:292,1
DA:315,1
DA:322,1
DA:324,1
DA:325,2
DA:326,2
DA:327,1
DA:328,1
DA:331,2
LF:145
LH:140
end_of_record
SF:lib/theme/app_theme.dart
DA:3,0
DA:5,0
DA:6,0
DA:7,0
DA:16,0
DA:19,0
DA:20,0
DA:21,0
DA:23,0
DA:24,0
DA:25,0
LF:11
LH:0
end_of_record
SF:lib/widgets/connection_indicator.dart
DA:6,3
DA:8,2
DA:10,2
DA:11,2
DA:12,2
DA:14,2
DA:15,2
DA:18,2
DA:20,4
DA:21,2
DA:22,2
DA:23,4
DA:24,2
DA:31,2
DA:32,2
DA:33,2
DA:35,4
LF:17
LH:17
end_of_record
SF:lib/widgets/error_banner.dart
DA:6,3
DA:8,2
DA:10,2
DA:11,2
DA:12,2
DA:13,1
DA:14,2
DA:15,1
DA:18,2
DA:19,1
DA:20,1
DA:23,1
DA:24,1
DA:25,1
LF:14
LH:14
end_of_record
SF:lib/widgets/compact_overlay.dart
DA:9,3
DA:11,0
DA:12,0
DA:18,0
DA:20,0
DA:21,0
DA:24,0
DA:26,0
DA:27,0
DA:28,0
DA:29,0
DA:31,0
DA:32,0
DA:35,0
DA:36,0
DA:38,0
DA:44,0
DA:45,0
DA:46,0
DA:48,0
DA:50,0
DA:51,0
DA:52,0
DA:53,0
DA:54,0
DA:61,0
DA:62,0
DA:63,0
DA:65,0
DA:67,0
DA:68,0
DA:71,0
DA:73,0
DA:77,0
DA:78,0
DA:79,0
DA:82,0
DA:83,0
DA:84,0
DA:92,0
DA:93,0
DA:100,0
DA:101,0
DA:104,0
DA:105,0
DA:106,0
DA:107,0
DA:108,0
DA:109,0
DA:110,0
DA:112,0
DA:113,0
DA:115,0
DA:117,0
DA:120,0
DA:121,0
DA:122,0
DA:124,0
DA:128,0
DA:141,0
DA:143,0
DA:144,0
DA:145,0
DA:146,0
DA:148,0
DA:150,0
DA:154,0
DA:155,0
DA:159,0
DA:160,0
DA:161,0
DA:168,0
DA:169,0
DA:184,0
DA:186,0
DA:187,0
DA:188,0
LF:77
LH:1
end_of_record
